<?xml version="1.0" encoding="UTF-8"?>
<!-- Generated by org.testng.reporters.JUnitReportReporter -->
<testsuite hostname="THSLT10355" failures="0" tests="1" name="obstacles.Obstacles" time="25.944" errors="0" timestamp="2023-08-01T15:26:41 IST" skipped="0">
  <testcase classname="obstacles.Obstacles" name="Obstacle14_LotsOfRows" time="25.944"/>
</testsuite> <!-- obstacles.Obstacles -->
