<?xml version="1.0" encoding="UTF-8"?>
<!-- Generated by org.testng.reporters.JUnitReportReporter -->
<testsuite hostname="THSLT10355" failures="0" tests="1" name="obstacles.Obstacles2" time="33.704" errors="0" timestamp="2023-08-03T11:08:28 IST" skipped="0">
  <testcase classname="obstacles.Obstacles2" name="Obstacle29_tablesearch" time="33.704"/>
</testsuite> <!-- obstacles.Obstacles2 -->
